KeyGenerator/app/build/intermediates/manifest_merge_blame_file/release/manifest-merger-blame-release-report.txt
1<?xml version="1.0" encoding="utf-8"?>
2<manifest xmlns:android="http://schemas.android.com/apk/res/android"
3    package="com.example.keygenerator"
4    android:versionCode="1"
5    android:versionName="1.0" >
6
7    <uses-sdk
8        android:minSdkVersion="24"
8-->src/main/AndroidManifest.xml
9        android:targetSdkVersion="33" />
9-->src/main/AndroidManifest.xml
10
11    <application
11-->src/main/AndroidManifest.xml:5:5-26:19
12        android:allowBackup="true"
12-->src/main/AndroidManifest.xml:6:9-35
13        android:appComponentFactory="androidx.core.app.CoreComponentFactory"
13-->[androidx.core:core:1.8.0] AndroidManifest.xml:24:18-86
14        android:dataExtractionRules="@xml/data_extraction_rules"
14-->src/main/AndroidManifest.xml:7:9-65
15        android:extractNativeLibs="false"
16        android:fullBackupContent="@xml/backup_rules"
16-->src/main/AndroidManifest.xml:8:9-54
17        android:icon="@mipmap/ic_launcher"
17-->src/main/AndroidManifest.xml:9:9-43
18        android:label="@string/app_name"
18-->src/main/AndroidManifest.xml:10:9-41
19        android:roundIcon="@mipmap/ic_launcher_round"
19-->src/main/AndroidManifest.xml:11:9-54
20        android:supportsRtl="true"
20-->src/main/AndroidManifest.xml:12:9-35
21        android:theme="@style/Theme.KeyGenerator" >
21-->src/main/AndroidManifest.xml:13:9-50
22        <activity
22-->src/main/AndroidManifest.xml:15:9-25:20
23            android:name="com.example.keygenerator.MainActivity"
23-->src/main/AndroidManifest.xml:16:13-41
24            android:exported="true"
24-->src/main/AndroidManifest.xml:17:13-36
25            android:label="@string/app_name"
25-->src/main/AndroidManifest.xml:18:13-45
26            android:theme="@style/Theme.KeyGenerator" >
26-->src/main/AndroidManifest.xml:19:13-54
27            <intent-filter>
27-->src/main/AndroidManifest.xml:20:13-24:29
28                <action android:name="android.intent.action.MAIN" />
28-->src/main/AndroidManifest.xml:21:17-69
28-->src/main/AndroidManifest.xml:21:25-66
29
30                <category android:name="android.intent.category.LAUNCHER" />
30-->src/main/AndroidManifest.xml:23:17-77
30-->src/main/AndroidManifest.xml:23:27-74
31            </intent-filter>
32        </activity>
33
34        <provider
34-->[androidx.profileinstaller:profileinstaller:1.2.0] AndroidManifest.xml:25:9-33:20
35            android:name="androidx.startup.InitializationProvider"
35-->[androidx.profileinstaller:profileinstaller:1.2.0] AndroidManifest.xml:26:13-67
36            android:authorities="com.example.keygenerator.androidx-startup"
36-->[androidx.profileinstaller:profileinstaller:1.2.0] AndroidManifest.xml:27:13-68
37            android:exported="false" >
37-->[androidx.profileinstaller:profileinstaller:1.2.0] AndroidManifest.xml:28:13-37
38            <meta-data
38-->[androidx.profileinstaller:profileinstaller:1.2.0] AndroidManifest.xml:30:13-32:52
39                android:name="androidx.profileinstaller.ProfileInstallerInitializer"
39-->[androidx.profileinstaller:profileinstaller:1.2.0] AndroidManifest.xml:31:17-85
40                android:value="androidx.startup" />
40-->[androidx.profileinstaller:profileinstaller:1.2.0] AndroidManifest.xml:32:17-49
41        </provider>
42
43        <receiver
43-->[androidx.profileinstaller:profileinstaller:1.2.0] AndroidManifest.xml:35:9-47:20
44            android:name="androidx.profileinstaller.ProfileInstallReceiver"
44-->[androidx.profileinstaller:profileinstaller:1.2.0] AndroidManifest.xml:36:13-76
45            android:directBootAware="false"
45-->[androidx.profileinstaller:profileinstaller:1.2.0] AndroidManifest.xml:37:13-44
46            android:enabled="true"
46-->[androidx.profileinstaller:profileinstaller:1.2.0] AndroidManifest.xml:38:13-35
47            android:exported="true"
47-->[androidx.profileinstaller:profileinstaller:1.2.0] AndroidManifest.xml:39:13-36
48            android:permission="android.permission.DUMP" >
48-->[androidx.profileinstaller:profileinstaller:1.2.0] AndroidManifest.xml:40:13-57
49            <intent-filter>
49-->[androidx.profileinstaller:profileinstaller:1.2.0] AndroidManifest.xml:41:13-43:29
50                <action android:name="androidx.profileinstaller.action.INSTALL_PROFILE" />
50-->[androidx.profileinstaller:profileinstaller:1.2.0] AndroidManifest.xml:42:17-91
50-->[androidx.profileinstaller:profileinstaller:1.2.0] AndroidManifest.xml:42:25-88
51            </intent-filter>
52            <intent-filter>
52-->[androidx.profileinstaller:profileinstaller:1.2.0] AndroidManifest.xml:44:13-46:29
53                <action android:name="androidx.profileinstaller.action.SKIP_FILE" />
53-->[androidx.profileinstaller:profileinstaller:1.2.0] AndroidManifest.xml:45:17-85
53-->[androidx.profileinstaller:profileinstaller:1.2.0] AndroidManifest.xml:45:25-82
54            </intent-filter>
55        </receiver>
56    </application>
57
58</manifest>